0 info it worked if it ends with ok
1 verbose cli [ 'D:\\soft\\node\\node.exe',
1 verbose cli   'C:\\Users\\lenovo\\AppData\\Roaming\\npm\\node_modules\\npm\\bin\\npm-cli.js',
1 verbose cli   'start' ]
2 info using npm@3.10.8
3 info using node@v4.6.1
4 verbose run-script [ 'prestart', 'start', 'poststart' ]
5 info lifecycle doubannode@0.0.0~prestart: doubannode@0.0.0
6 silly lifecycle doubannode@0.0.0~prestart: no script for prestart, continuing
7 info lifecycle doubannode@0.0.0~start: doubannode@0.0.0
8 verbose lifecycle doubannode@0.0.0~start: unsafe-perm in lifecycle true
9 verbose lifecycle doubannode@0.0.0~start: PATH: C:\Users\lenovo\AppData\Roaming\npm\node_modules\npm\bin\node-gyp-bin;E:\code\demo\study\lessonVue\Webdouban\doubannode\node_modules\.bin;C:\Users\lenovo\bin;C:\Program Files\Git\mingw64\bin;C:\Program Files\Git\usr\local\bin;C:\Program Files\Git\usr\bin;C:\Program Files\Git\usr\bin;C:\Program Files\Git\mingw64\bin;C:\Program Files\Git\usr\bin;C:\Users\lenovo\bin;C:\WINDOWS\system32;C:\WINDOWS;C:\WINDOWS\System32\Wbem;C:\WINDOWS\System32\WindowsPowerShell\v1.0;C:\Program Files\Lenovo\Bluetooth Software;C:\Program Files\Lenovo\Bluetooth Software\syswow64;D:\soft\SQL\110\DTS\Binn;D:\soft\sql2\110\Tools\Binn;D:\soft\SQL\110\Tools\Binn;D:\soft\sql2\110\Tools\Binn\ManagementStudio;C:\Program Files (x86)\Microsoft Visual Studio 10.0\Common7\IDE\PrivateAssemblies;D:\soft\sql2\110\DTS\Binn;C:\Program Files\Microsoft\Web Platform Installer;C:\Program Files (x86)\Microsoft ASP.NET\ASP.NET Web Pages\v1.0;C:\Program Files (x86)\Windows Kits\8.1\Windows Performance Toolkit;C:\Program Files\TortoiseSVN\bin;C:\Program Files (x86)\VisualSVN\bin;D:\soft\node;C:\Program Files\VisualSVN Server\bin;C:\Program Files\Git\cmd;C:\Ruby23-x64\bin;C:\Users\lenovo\AppData\Local\Microsoft\WindowsApps;C:\Users\lenovo\AppData\Roaming\npm;C:\Users\lenovo\AppData\Local\atom\bin;C:\Program Files\Git\usr\bin\vendor_perl;C:\Program Files\Git\usr\bin\core_perl
10 verbose lifecycle doubannode@0.0.0~start: CWD: E:\code\demo\study\lessonVue\Webdouban\doubannode
11 silly lifecycle doubannode@0.0.0~start: Args: [ '/d /s /c', 'node ./bin/www' ]
12 silly lifecycle doubannode@0.0.0~start: Returned: code: 1  signal: null
13 info lifecycle doubannode@0.0.0~start: Failed to exec start script
14 verbose stack Error: doubannode@0.0.0 start: `node ./bin/www`
14 verbose stack Exit status 1
14 verbose stack     at EventEmitter.<anonymous> (C:\Users\lenovo\AppData\Roaming\npm\node_modules\npm\lib\utils\lifecycle.js:255:16)
14 verbose stack     at emitTwo (events.js:87:13)
14 verbose stack     at EventEmitter.emit (events.js:172:7)
14 verbose stack     at ChildProcess.<anonymous> (C:\Users\lenovo\AppData\Roaming\npm\node_modules\npm\lib\utils\spawn.js:40:14)
14 verbose stack     at emitTwo (events.js:87:13)
14 verbose stack     at ChildProcess.emit (events.js:172:7)
14 verbose stack     at maybeClose (internal/child_process.js:829:16)
14 verbose stack     at Process.ChildProcess._handle.onexit (internal/child_process.js:211:5)
15 verbose pkgid doubannode@0.0.0
16 verbose cwd E:\code\demo\study\lessonVue\Webdouban\doubannode
17 error Windows_NT 10.0.14393
18 error argv "D:\\soft\\node\\node.exe" "C:\\Users\\lenovo\\AppData\\Roaming\\npm\\node_modules\\npm\\bin\\npm-cli.js" "start"
19 error node v4.6.1
20 error npm  v3.10.8
21 error code ELIFECYCLE
22 error doubannode@0.0.0 start: `node ./bin/www`
22 error Exit status 1
23 error Failed at the doubannode@0.0.0 start script 'node ./bin/www'.
23 error Make sure you have the latest version of node.js and npm installed.
23 error If you do, this is most likely a problem with the doubannode package,
23 error not with npm itself.
23 error Tell the author that this fails on your system:
23 error     node ./bin/www
23 error You can get information on how to open an issue for this project with:
23 error     npm bugs doubannode
23 error Or if that isn't available, you can get their info via:
23 error     npm owner ls doubannode
23 error There is likely additional logging output above.
24 verbose exit [ 1, true ]
